Uncaught Exception: 2024-12-19T00:52:04.349Z - TypeError: console is not a function
    at file:///C:/Users/Maxi/Documents/70295Clases/clase5PracticaIntegradora/process.js:30:1
    at ModuleJob.run (node:internal/modules/esm/module_job:268:25)
    at async onImport.tracePromise.__proto__ (node:internal/modules/esm/loader:543:26)
    at async asyncRunEntryPointWithESMLoader (node:internal/modules/run_main:116:5)
Uncaught Exception: 2024-12-19T00:52:18.168Z - TypeError: console is not a function
    at file:///C:/Users/Maxi/Documents/70295Clases/clase5PracticaIntegradora/process.js:30:1
    at ModuleJob.run (node:internal/modules/esm/module_job:268:25)
    at async onImport.tracePromise.__proto__ (node:internal/modules/esm/loader:543:26)
    at async asyncRunEntryPointWithESMLoader (node:internal/modules/run_main:116:5)
Uncaught Exception: 2024-12-19T00:53:20.127Z - TypeError: console is not a function
    at file:///C:/Users/Maxi/Documents/70295Clases/clase5PracticaIntegradora/process.js:30:1
    at ModuleJob.run (node:internal/modules/esm/module_job:268:25)
    at async onImport.tracePromise.__proto__ (node:internal/modules/esm/loader:543:26)
    at async asyncRunEntryPointWithESMLoader (node:internal/modules/run_main:116:5)
Uncaught Exception: 2024-12-19T00:53:33.067Z - TypeError: console is not a function
    at file:///C:/Users/Maxi/Documents/70295Clases/clase5PracticaIntegradora/process.js:30:1
    at ModuleJob.run (node:internal/modules/esm/module_job:268:25)
    at async onImport.tracePromise.__proto__ (node:internal/modules/esm/loader:543:26)
    at async asyncRunEntryPointWithESMLoader (node:internal/modules/run_main:116:5)
Uncaught Exception: 2024-12-19T00:54:53.624Z - TypeError: console is not a function
    at file:///C:/Users/Maxi/Documents/70295Clases/clase5PracticaIntegradora/process.js:32:1
    at ModuleJob.run (node:internal/modules/esm/module_job:268:25)
    at async onImport.tracePromise.__proto__ (node:internal/modules/esm/loader:543:26)
    at async asyncRunEntryPointWithESMLoader (node:internal/modules/run_main:116:5)
Proceso finalizado con código: 1 - date: 2024-12-19T00:54:54.628Z
